e:\visualstudioprojects\quicproject\quicproject\x64\debug\vc143.pdb
e:\visualstudioprojects\quicproject\quicproject\x64\debug\vc143.idb
e:\visualstudioprojects\quicproject\quicproject\x64\debug\test.obj
e:\visualstudioprojects\quicproject\quicproject\x64\debug\sample.obj
e:\visualstudioprojects\quicproject\quicproject\x64\debug\quicproject.ilk
e:\visualstudioprojects\quicproject\x64\debug\quicproject.pdb
e:\visualstudioprojects\quicproject\quicproject\x64\debug\quicproject.tlog\cl.command.1.tlog
e:\visualstudioprojects\quicproject\quicproject\x64\debug\quicproject.tlog\cl.items.tlog
e:\visualstudioprojects\quicproject\quicproject\x64\debug\quicproject.tlog\cl.read.1.tlog
e:\visualstudioprojects\quicproject\quicproject\x64\debug\quicproject.tlog\cl.write.1.tlog
e:\visualstudioprojects\quicproject\quicproject\x64\debug\quicproject.tlog\link.28568-cvtres.read.1.tlog
e:\visualstudioprojects\quicproject\quicproject\x64\debug\quicproject.tlog\link.28568-cvtres.write.1.tlog
e:\visualstudioprojects\quicproject\quicproject\x64\debug\quicproject.tlog\link.28568-rc.read.1.tlog
e:\visualstudioprojects\quicproject\quicproject\x64\debug\quicproject.tlog\link.28568-rc.write.1.tlog
e:\visualstudioprojects\quicproject\quicproject\x64\debug\quicproject.tlog\link.28568.read.1.tlog
e:\visualstudioprojects\quicproject\quicproject\x64\debug\quicproject.tlog\link.28568.read.2.tlog
e:\visualstudioprojects\quicproject\quicproject\x64\debug\quicproject.tlog\link.28568.write.1.tlog
e:\visualstudioprojects\quicproject\quicproject\x64\debug\quicproject.tlog\link.command.1.tlog
e:\visualstudioprojects\quicproject\quicproject\x64\debug\quicproject.tlog\link.read.1.tlog
e:\visualstudioprojects\quicproject\quicproject\x64\debug\quicproject.tlog\link.secondary.1.tlog
e:\visualstudioprojects\quicproject\quicproject\x64\debug\quicproject.tlog\link.write.1.tlog
